2022-06-28 00:06:34 INFO  ManageDriver :35 - Launching Chrome Browser
2022-06-28 00:06:539 INFO  ManageDriver :35 - Launching Chrome Browser
2022-06-28 00:06:636 INFO  HomePage :47 - Clicking on flyingninja : [[ChromeDriver: chrome on WINDOWS (337f8b7724b696ff7dc6870d4927d47a)] -> xpath: //body/div[@id='site-viewport']/div[@id='page']/div[@id='content']/div[@id='primary']/main[@id='main']/div[2]/ul[1]/li[1]/div[1]/a[2]]
2022-06-28 01:06:474 INFO  ManageDriver :35 - Launching Chrome Browser
2022-06-28 01:06:60 INFO  HomePage :51 - Clicking on flyingninja : [[ChromeDriver: chrome on WINDOWS (5ec00ef6d9b17b6366d4488362301bbd)] -> xpath: //body/div[@id='site-viewport']/div[@id='page']/div[@id='content']/div[@id='primary']/main[@id='main']/div[2]/ul[1]/li[1]/div[1]/a[2]]
2022-06-28 01:06:778 INFO  HomePage :56 - Clicking on premium quality : [[ChromeDriver: chrome on WINDOWS (5ec00ef6d9b17b6366d4488362301bbd)] -> xpath: //a[@data-product_id='51']]
2022-06-28 01:06:82 INFO  HomePage :60 - Clicking on patient Ninja : [[ChromeDriver: chrome on WINDOWS (5ec00ef6d9b17b6366d4488362301bbd)] -> xpath: //a[@data-product_id='66']]
2022-06-28 01:06:612 INFO  HomePage :65 - Clicking on shipyourIdea: [[ChromeDriver: chrome on WINDOWS (5ec00ef6d9b17b6366d4488362301bbd)] -> xpath: //a[@data-product_id='57']]
2022-06-28 01:06:634 INFO  HomePage :69 - Clicking on cart : [[ChromeDriver: chrome on WINDOWS (5ec00ef6d9b17b6366d4488362301bbd)] -> xpath: //li[@class='page_item page-item-8']]
2022-06-28 01:06:686 INFO  ManageDriver :35 - Launching Chrome Browser
2022-06-28 01:06:25 INFO  HomePage :51 - Clicking on flyingninja : [[ChromeDriver: chrome on WINDOWS (eebf37d424d34c6e30bcf0fc6b7467af)] -> xpath: //body/div[@id='site-viewport']/div[@id='page']/div[@id='content']/div[@id='primary']/main[@id='main']/div[2]/ul[1]/li[1]/div[1]/a[2]]
2022-06-28 01:06:464 INFO  HomePage :56 - Clicking on premium quality : [[ChromeDriver: chrome on WINDOWS (eebf37d424d34c6e30bcf0fc6b7467af)] -> xpath: //a[@data-product_id='51']]
2022-06-28 01:06:705 INFO  HomePage :60 - Clicking on patient Ninja : [[ChromeDriver: chrome on WINDOWS (eebf37d424d34c6e30bcf0fc6b7467af)] -> xpath: //a[@data-product_id='66']]
2022-06-28 01:06:989 INFO  HomePage :65 - Clicking on shipyourIdea: [[ChromeDriver: chrome on WINDOWS (eebf37d424d34c6e30bcf0fc6b7467af)] -> xpath: //a[@data-product_id='57']]
2022-06-28 01:06:13 INFO  HomePage :69 - Clicking on cart : [[ChromeDriver: chrome on WINDOWS (eebf37d424d34c6e30bcf0fc6b7467af)] -> xpath: //li[@class='page_item page-item-8']]
2022-06-28 01:06:872 INFO  ManageDriver :35 - Launching Chrome Browser
2022-06-28 01:06:845 INFO  HomePage :51 - Clicking on flyingninja : [[ChromeDriver: chrome on WINDOWS (84b640a1929f7a631cf22a4aca03e282)] -> xpath: //body/div[@id='site-viewport']/div[@id='page']/div[@id='content']/div[@id='primary']/main[@id='main']/div[2]/ul[1]/li[1]/div[1]/a[2]]
2022-06-28 01:06:504 INFO  HomePage :56 - Clicking on premium quality : [[ChromeDriver: chrome on WINDOWS (84b640a1929f7a631cf22a4aca03e282)] -> xpath: //a[@data-product_id='51']]
2022-06-28 01:06:885 INFO  HomePage :60 - Clicking on patient Ninja : [[ChromeDriver: chrome on WINDOWS (84b640a1929f7a631cf22a4aca03e282)] -> xpath: //a[@data-product_id='66']]
2022-06-28 01:06:534 INFO  HomePage :65 - Clicking on shipyourIdea: [[ChromeDriver: chrome on WINDOWS (84b640a1929f7a631cf22a4aca03e282)] -> xpath: //a[@data-product_id='57']]
2022-06-28 01:06:672 INFO  HomePage :69 - Clicking on cart : [[ChromeDriver: chrome on WINDOWS (84b640a1929f7a631cf22a4aca03e282)] -> xpath: //li[@class='page_item page-item-8']]
2022-06-28 01:06:232 INFO  ManageDriver :35 - Launching Chrome Browser
2022-06-28 01:06:685 INFO  HomePage :51 - Clicking on flyingninja : [[ChromeDriver: chrome on WINDOWS (7b52ed3cc19f756aca91201474457c83)] -> xpath: //body/div[@id='site-viewport']/div[@id='page']/div[@id='content']/div[@id='primary']/main[@id='main']/div[2]/ul[1]/li[1]/div[1]/a[2]]
2022-06-28 01:06:276 INFO  HomePage :56 - Clicking on premium quality : [[ChromeDriver: chrome on WINDOWS (7b52ed3cc19f756aca91201474457c83)] -> xpath: //a[@data-product_id='22']]
2022-06-28 01:06:471 INFO  HomePage :60 - Clicking on patient Ninja : [[ChromeDriver: chrome on WINDOWS (7b52ed3cc19f756aca91201474457c83)] -> xpath: //a[@data-product_id='66']]
2022-06-28 01:06:928 INFO  HomePage :65 - Clicking on shipyourIdea: [[ChromeDriver: chrome on WINDOWS (7b52ed3cc19f756aca91201474457c83)] -> xpath: //a[@data-product_id='57']]
2022-06-28 01:06:755 INFO  HomePage :69 - Clicking on cart : [[ChromeDriver: chrome on WINDOWS (7b52ed3cc19f756aca91201474457c83)] -> xpath: //li[@class='page_item page-item-8']]
2022-06-28 02:06:647 INFO  ManageDriver :35 - Launching Chrome Browser
2022-06-28 02:06:100 INFO  HomePage :51 - Clicking on flyingninja : [[ChromeDriver: chrome on WINDOWS (1a0f036d620a9f6399edb5ef2683e9b6)] -> xpath: //body/div[@id='site-viewport']/div[@id='page']/div[@id='content']/div[@id='primary']/main[@id='main']/div[2]/ul[1]/li[1]/div[1]/a[2]]
2022-06-28 02:06:573 INFO  HomePage :56 - Clicking on premium quality : [[ChromeDriver: chrome on WINDOWS (1a0f036d620a9f6399edb5ef2683e9b6)] -> xpath: //a[@data-product_id='22']]
2022-06-28 02:06:844 INFO  HomePage :60 - Clicking on patient Ninja : [[ChromeDriver: chrome on WINDOWS (1a0f036d620a9f6399edb5ef2683e9b6)] -> xpath: //a[@data-product_id='66']]
2022-06-28 02:06:368 INFO  HomePage :65 - Clicking on shipyourIdea: [[ChromeDriver: chrome on WINDOWS (1a0f036d620a9f6399edb5ef2683e9b6)] -> xpath: //a[@data-product_id='57']]
2022-06-28 02:06:143 INFO  HomePage :69 - Clicking on cart : [[ChromeDriver: chrome on WINDOWS (1a0f036d620a9f6399edb5ef2683e9b6)] -> xpath: //li[@class='page_item page-item-8']]
2022-06-28 02:06:614 INFO  ManageDriver :35 - Launching Chrome Browser
2022-06-28 02:06:626 INFO  HomePage :51 - Clicking on flyingninja : [[ChromeDriver: chrome on WINDOWS (4ebae810b76b33da1eae463532bbc1dc)] -> xpath: //body/div[@id='site-viewport']/div[@id='page']/div[@id='content']/div[@id='primary']/main[@id='main']/div[2]/ul[1]/li[1]/div[1]/a[2]]
2022-06-28 02:06:228 INFO  HomePage :56 - Clicking on premium quality : [[ChromeDriver: chrome on WINDOWS (4ebae810b76b33da1eae463532bbc1dc)] -> xpath: //a[@data-product_id='22']]
2022-06-28 02:06:433 INFO  HomePage :60 - Clicking on patient Ninja : [[ChromeDriver: chrome on WINDOWS (4ebae810b76b33da1eae463532bbc1dc)] -> xpath: //a[@data-product_id='66']]
2022-06-28 02:06:982 INFO  HomePage :65 - Clicking on shipyourIdea: [[ChromeDriver: chrome on WINDOWS (4ebae810b76b33da1eae463532bbc1dc)] -> xpath: //a[@data-product_id='57']]
2022-06-28 02:06:780 INFO  HomePage :69 - Clicking on cart : [[ChromeDriver: chrome on WINDOWS (4ebae810b76b33da1eae463532bbc1dc)] -> xpath: //li[@class='page_item page-item-8']]
2022-06-28 02:06:879 INFO  ManageDriver :35 - Launching Chrome Browser
2022-06-28 02:06:844 INFO  HomePage :51 - Clicking on flyingninja : [[ChromeDriver: chrome on WINDOWS (3bcb3b5cc8d780e08768bc6804d10b85)] -> xpath: //body/div[@id='site-viewport']/div[@id='page']/div[@id='content']/div[@id='primary']/main[@id='main']/div[2]/ul[1]/li[1]/div[1]/a[2]]
2022-06-28 02:06:499 INFO  HomePage :56 - Clicking on premium quality : [[ChromeDriver: chrome on WINDOWS (3bcb3b5cc8d780e08768bc6804d10b85)] -> xpath: //a[@data-product_id='22']]
2022-06-28 02:06:690 INFO  HomePage :60 - Clicking on patient Ninja : [[ChromeDriver: chrome on WINDOWS (3bcb3b5cc8d780e08768bc6804d10b85)] -> xpath: //a[@data-product_id='66']]
2022-06-28 02:06:107 INFO  HomePage :65 - Clicking on shipyourIdea: [[ChromeDriver: chrome on WINDOWS (3bcb3b5cc8d780e08768bc6804d10b85)] -> xpath: //a[@data-product_id='57']]
2022-06-28 02:06:787 INFO  HomePage :69 - Clicking on cart : [[ChromeDriver: chrome on WINDOWS (3bcb3b5cc8d780e08768bc6804d10b85)] -> xpath: //li[@class='page_item page-item-8']]
2022-06-28 02:06:699 INFO  ManageDriver :35 - Launching Chrome Browser
2022-06-28 02:06:397 INFO  HomePage :51 - Clicking on flyingninja : [[ChromeDriver: chrome on WINDOWS (07ea1a1050161dcf074d10590401905e)] -> xpath: //body/div[@id='site-viewport']/div[@id='page']/div[@id='content']/div[@id='primary']/main[@id='main']/div[2]/ul[1]/li[1]/div[1]/a[2]]
2022-06-28 02:06:969 INFO  HomePage :56 - Clicking on premium quality : [[ChromeDriver: chrome on WINDOWS (07ea1a1050161dcf074d10590401905e)] -> xpath: //a[@data-product_id='22']]
2022-06-28 02:06:275 INFO  HomePage :60 - Clicking on patient Ninja : [[ChromeDriver: chrome on WINDOWS (07ea1a1050161dcf074d10590401905e)] -> xpath: //a[@data-product_id='66']]
2022-06-28 02:06:697 INFO  HomePage :65 - Clicking on shipyourIdea: [[ChromeDriver: chrome on WINDOWS (07ea1a1050161dcf074d10590401905e)] -> xpath: //a[@data-product_id='57']]
2022-06-28 02:06:622 INFO  HomePage :69 - Clicking on cart : [[ChromeDriver: chrome on WINDOWS (07ea1a1050161dcf074d10590401905e)] -> xpath: //li[@class='page_item page-item-8']]
2022-06-28 02:06:657 INFO  ManageDriver :35 - Launching Chrome Browser
2022-06-28 02:06:518 INFO  HomePage :51 - Clicking on flyingninja : [[ChromeDriver: chrome on WINDOWS (c166fa7f9ea89302c23d6ead9581fc9b)] -> xpath: //body/div[@id='site-viewport']/div[@id='page']/div[@id='content']/div[@id='primary']/main[@id='main']/div[2]/ul[1]/li[1]/div[1]/a[2]]
2022-06-28 02:06:159 INFO  HomePage :56 - Clicking on premium quality : [[ChromeDriver: chrome on WINDOWS (c166fa7f9ea89302c23d6ead9581fc9b)] -> xpath: //a[@data-product_id='22']]
2022-06-28 02:06:374 INFO  HomePage :60 - Clicking on patient Ninja : [[ChromeDriver: chrome on WINDOWS (c166fa7f9ea89302c23d6ead9581fc9b)] -> xpath: //a[@data-product_id='66']]
2022-06-28 02:06:824 INFO  HomePage :65 - Clicking on shipyourIdea: [[ChromeDriver: chrome on WINDOWS (c166fa7f9ea89302c23d6ead9581fc9b)] -> xpath: //a[@data-product_id='57']]
2022-06-28 02:06:637 INFO  HomePage :69 - Clicking on cart : [[ChromeDriver: chrome on WINDOWS (c166fa7f9ea89302c23d6ead9581fc9b)] -> xpath: //li[@class='page_item page-item-8']]
2022-06-28 02:06:629 INFO  ManageDriver :35 - Launching Chrome Browser
2022-06-28 02:06:333 INFO  HomePage :51 - Clicking on flyingninja : [[ChromeDriver: chrome on WINDOWS (92964cd9152ab40e1fa420e5f2d2e14c)] -> xpath: //body/div[@id='site-viewport']/div[@id='page']/div[@id='content']/div[@id='primary']/main[@id='main']/div[2]/ul[1]/li[1]/div[1]/a[2]]
2022-06-28 02:06:789 INFO  HomePage :56 - Clicking on premium quality : [[ChromeDriver: chrome on WINDOWS (92964cd9152ab40e1fa420e5f2d2e14c)] -> xpath: //a[@data-product_id='22']]
2022-06-28 02:06:993 INFO  HomePage :60 - Clicking on patient Ninja : [[ChromeDriver: chrome on WINDOWS (92964cd9152ab40e1fa420e5f2d2e14c)] -> xpath: //a[@data-product_id='66']]
2022-06-28 02:06:385 INFO  HomePage :65 - Clicking on shipyourIdea: [[ChromeDriver: chrome on WINDOWS (92964cd9152ab40e1fa420e5f2d2e14c)] -> xpath: //a[@data-product_id='57']]
2022-06-28 02:06:275 INFO  HomePage :69 - Clicking on cart : [[ChromeDriver: chrome on WINDOWS (92964cd9152ab40e1fa420e5f2d2e14c)] -> xpath: //li[@class='page_item page-item-8']]
2022-06-28 03:06:242 INFO  ManageDriver :35 - Launching Chrome Browser
2022-06-28 03:06:546 INFO  HomePage :51 - Clicking on flyingninja : [[ChromeDriver: chrome on WINDOWS (8867d4fe0856687d2b86a714e369f8e8)] -> xpath: //body/div[@id='site-viewport']/div[@id='page']/div[@id='content']/div[@id='primary']/main[@id='main']/div[2]/ul[1]/li[1]/div[1]/a[2]]
2022-06-28 03:06:129 INFO  HomePage :56 - Clicking on premium quality : [[ChromeDriver: chrome on WINDOWS (8867d4fe0856687d2b86a714e369f8e8)] -> xpath: //a[@data-product_id='22']]
2022-06-28 03:06:374 INFO  HomePage :60 - Clicking on patient Ninja : [[ChromeDriver: chrome on WINDOWS (8867d4fe0856687d2b86a714e369f8e8)] -> xpath: //a[@data-product_id='66']]
2022-06-28 03:06:840 INFO  HomePage :65 - Clicking on shipyourIdea: [[ChromeDriver: chrome on WINDOWS (8867d4fe0856687d2b86a714e369f8e8)] -> xpath: //a[@data-product_id='57']]
2022-06-28 03:06:876 INFO  HomePage :69 - Clicking on cart : [[ChromeDriver: chrome on WINDOWS (8867d4fe0856687d2b86a714e369f8e8)] -> xpath: //li[@class='page_item page-item-8']]
2022-06-28 03:06:234 INFO  ManageDriver :35 - Launching Chrome Browser
2022-06-28 03:06:609 INFO  HomePage :51 - Clicking on flyingninja : [[ChromeDriver: chrome on WINDOWS (a3d200d6bdd0a4cfbd979bc956982bf5)] -> xpath: //body/div[@id='site-viewport']/div[@id='page']/div[@id='content']/div[@id='primary']/main[@id='main']/div[2]/ul[1]/li[1]/div[1]/a[2]]
2022-06-28 03:06:223 INFO  HomePage :56 - Clicking on premium quality : [[ChromeDriver: chrome on WINDOWS (a3d200d6bdd0a4cfbd979bc956982bf5)] -> xpath: //a[@data-product_id='22']]
2022-06-28 03:06:673 INFO  HomePage :60 - Clicking on patient Ninja : [[ChromeDriver: chrome on WINDOWS (a3d200d6bdd0a4cfbd979bc956982bf5)] -> xpath: //a[@data-product_id='66']]
2022-06-28 03:06:145 INFO  HomePage :65 - Clicking on shipyourIdea: [[ChromeDriver: chrome on WINDOWS (a3d200d6bdd0a4cfbd979bc956982bf5)] -> xpath: //a[@data-product_id='57']]
2022-06-28 03:06:769 INFO  HomePage :69 - Clicking on cart : [[ChromeDriver: chrome on WINDOWS (a3d200d6bdd0a4cfbd979bc956982bf5)] -> xpath: //li[@class='page_item page-item-8']]
2022-06-28 03:06:531 INFO  ManageDriver :35 - Launching Chrome Browser
2022-06-28 03:06:836 INFO  HomePage :51 - Clicking on flyingninja : [[ChromeDriver: chrome on WINDOWS (1e80758fd520dec6ab927fb40fafb1ef)] -> xpath: //body/div[@id='site-viewport']/div[@id='page']/div[@id='content']/div[@id='primary']/main[@id='main']/div[2]/ul[1]/li[1]/div[1]/a[2]]
2022-06-28 03:06:476 INFO  HomePage :56 - Clicking on premium quality : [[ChromeDriver: chrome on WINDOWS (1e80758fd520dec6ab927fb40fafb1ef)] -> xpath: //a[@data-product_id='22']]
2022-06-28 03:06:687 INFO  HomePage :60 - Clicking on patient Ninja : [[ChromeDriver: chrome on WINDOWS (1e80758fd520dec6ab927fb40fafb1ef)] -> xpath: //a[@data-product_id='66']]
2022-06-28 03:06:56 INFO  HomePage :65 - Clicking on shipyourIdea: [[ChromeDriver: chrome on WINDOWS (1e80758fd520dec6ab927fb40fafb1ef)] -> xpath: //a[@data-product_id='57']]
2022-06-28 03:06:702 INFO  HomePage :69 - Clicking on cart : [[ChromeDriver: chrome on WINDOWS (1e80758fd520dec6ab927fb40fafb1ef)] -> xpath: //li[@class='page_item page-item-8']]
2022-06-28 03:06:269 INFO  ManageDriver :35 - Launching Chrome Browser
2022-06-28 03:06:123 INFO  HomePage :51 - Clicking on flyingninja : [[ChromeDriver: chrome on WINDOWS (a4f7b792cc80f9270a60442a10ae57c9)] -> xpath: //body/div[@id='site-viewport']/div[@id='page']/div[@id='content']/div[@id='primary']/main[@id='main']/div[2]/ul[1]/li[1]/div[1]/a[2]]
2022-06-28 03:06:768 INFO  HomePage :56 - Clicking on premium quality : [[ChromeDriver: chrome on WINDOWS (a4f7b792cc80f9270a60442a10ae57c9)] -> xpath: //a[@data-product_id='22']]
2022-06-28 03:06:164 INFO  HomePage :60 - Clicking on patient Ninja : [[ChromeDriver: chrome on WINDOWS (a4f7b792cc80f9270a60442a10ae57c9)] -> xpath: //a[@data-product_id='66']]
2022-06-28 03:06:736 INFO  HomePage :65 - Clicking on shipyourIdea: [[ChromeDriver: chrome on WINDOWS (a4f7b792cc80f9270a60442a10ae57c9)] -> xpath: //a[@data-product_id='57']]
2022-06-28 03:06:860 INFO  HomePage :69 - Clicking on cart : [[ChromeDriver: chrome on WINDOWS (a4f7b792cc80f9270a60442a10ae57c9)] -> xpath: //li[@class='page_item page-item-8']]
2022-06-28 03:06:210 INFO  ManageDriver :35 - Launching Chrome Browser
2022-06-28 03:06:599 INFO  HomePage :51 - Clicking on flyingninja : [[ChromeDriver: chrome on WINDOWS (1b0452e399b901fd489b3fb15e9464fd)] -> xpath: //body/div[@id='site-viewport']/div[@id='page']/div[@id='content']/div[@id='primary']/main[@id='main']/div[2]/ul[1]/li[1]/div[1]/a[2]]
2022-06-28 03:06:184 INFO  HomePage :56 - Clicking on premium quality : [[ChromeDriver: chrome on WINDOWS (1b0452e399b901fd489b3fb15e9464fd)] -> xpath: //a[@data-product_id='22']]
2022-06-28 03:06:474 INFO  HomePage :60 - Clicking on patient Ninja : [[ChromeDriver: chrome on WINDOWS (1b0452e399b901fd489b3fb15e9464fd)] -> xpath: //a[@data-product_id='66']]
2022-06-28 03:06:943 INFO  HomePage :65 - Clicking on shipyourIdea: [[ChromeDriver: chrome on WINDOWS (1b0452e399b901fd489b3fb15e9464fd)] -> xpath: //a[@data-product_id='57']]
2022-06-28 03:06:923 INFO  HomePage :69 - Clicking on cart : [[ChromeDriver: chrome on WINDOWS (1b0452e399b901fd489b3fb15e9464fd)] -> xpath: //li[@class='page_item page-item-8']]
2022-06-28 03:06:735 INFO  ManageDriver :35 - Launching Chrome Browser
2022-06-28 03:06:125 INFO  HomePage :48 - Clicking on flyingninja : [[ChromeDriver: chrome on WINDOWS (a0914d9783102932ca86eb95fe1af982)] -> xpath: //body/div[@id='site-viewport']/div[@id='page']/div[@id='content']/div[@id='primary']/main[@id='main']/div[2]/ul[1]/li[1]/div[1]/a[2]]
2022-06-28 03:06:753 INFO  HomePage :53 - Clicking on premium quality : [[ChromeDriver: chrome on WINDOWS (a0914d9783102932ca86eb95fe1af982)] -> xpath: //a[@data-product_id='22']]
2022-06-28 03:06:106 INFO  HomePage :58 - Clicking on patient Ninja : [[ChromeDriver: chrome on WINDOWS (a0914d9783102932ca86eb95fe1af982)] -> xpath: //a[@data-product_id='66']]
2022-06-28 03:06:591 INFO  HomePage :63 - Clicking on shipyourIdea: [[ChromeDriver: chrome on WINDOWS (a0914d9783102932ca86eb95fe1af982)] -> xpath: //a[@data-product_id='57']]
2022-06-28 03:06:544 INFO  HomePage :68 - Clicking on cart : [[ChromeDriver: chrome on WINDOWS (a0914d9783102932ca86eb95fe1af982)] -> xpath: //li[@class='page_item page-item-8']]
